app/build/intermediates/manifest_merge_blame_file/debug/processDebugMainManifest/manifest-merger-blame-debug-report.txt
1<?xml version="1.0" encoding="utf-8"?>
2<manifest xmlns:android="http://schemas.android.com/apk/res/android"
3    package="com.example.client"
4    android:versionCode="1"
5    android:versionName="1.0" >
6
7    <uses-sdk
8        android:minSdkVersion="21"
9        android:targetSdkVersion="34" />
10
11    <uses-permission android:name="android.permission.ACCESS_FINE_LOCATION" />
11-->src/main/AndroidManifest.xml:4:5-79
11-->src/main/AndroidManifest.xml:4:22-76
12    <uses-permission android:name="android.permission.INTERNET" />
12-->src/main/AndroidManifest.xml:5:5-67
12-->src/main/AndroidManifest.xml:5:22-64
13    <uses-permission android:name="android.permission.ACCESS_NETWORK_STATE" />
13-->[com.google.firebase:firebase-auth:22.3.1] AndroidManifest.xml:26:5-79
13-->[com.google.firebase:firebase-auth:22.3.1] AndroidManifest.xml:26:22-76
14    <uses-permission android:name="android.permission.WAKE_LOCK" />
14-->[androidx.work:work-runtime:2.9.0] AndroidManifest.xml:23:5-68
14-->[androidx.work:work-runtime:2.9.0] AndroidManifest.xml:23:22-65
15    <uses-permission android:name="android.permission.RECEIVE_BOOT_COMPLETED" />
15-->[androidx.work:work-runtime:2.9.0] AndroidManifest.xml:25:5-81
15-->[androidx.work:work-runtime:2.9.0] AndroidManifest.xml:25:22-78
16    <uses-permission android:name="android.permission.FOREGROUND_SERVICE" />
16-->[androidx.work:work-runtime:2.9.0] AndroidManifest.xml:26:5-77
16-->[androidx.work:work-runtime:2.9.0] AndroidManifest.xml:26:22-74
17    <uses-permission android:name="com.google.android.providers.gsf.permission.READ_GSERVICES" />
17-->[com.google.android.recaptcha:recaptcha:18.4.0] AndroidManifest.xml:9:5-98
17-->[com.google.android.recaptcha:recaptcha:18.4.0] AndroidManifest.xml:9:22-95
18
19    <permission
19-->[androidx.core:core:1.9.0] AndroidManifest.xml:22:5-24:47
20        android:name="com.example.client.DYNAMIC_RECEIVER_NOT_EXPORTED_PERMISSION"
20-->[androidx.core:core:1.9.0] AndroidManifest.xml:23:9-81
21        android:protectionLevel="signature" />
21-->[androidx.core:core:1.9.0] AndroidManifest.xml:24:9-44
22
23    <uses-permission android:name="com.example.client.DYNAMIC_RECEIVER_NOT_EXPORTED_PERMISSION" />
23-->[androidx.core:core:1.9.0] AndroidManifest.xml:26:5-97
23-->[androidx.core:core:1.9.0] AndroidManifest.xml:26:22-94
24
25    <application
25-->src/main/AndroidManifest.xml:7:5-24:19
26        android:name="com.example.client.App"
26-->src/main/AndroidManifest.xml:8:9-28
27        android:allowBackup="true"
27-->src/main/AndroidManifest.xml:9:9-35
28        android:appComponentFactory="androidx.core.app.CoreComponentFactory"
28-->[androidx.core:core:1.9.0] AndroidManifest.xml:28:18-86
29        android:debuggable="true"
30        android:extractNativeLibs="true"
31        android:label="AndroidClient"
31-->src/main/AndroidManifest.xml:10:9-38
32        android:theme="@style/Theme.AppCompat.Light.DarkActionBar" >
32-->src/main/AndroidManifest.xml:11:9-67
33        <activity
33-->src/main/AndroidManifest.xml:13:9-16:20
34            android:name="com.example.client.MainActivity"
34-->src/main/AndroidManifest.xml:14:13-41
35            android:exported="true" >
35-->src/main/AndroidManifest.xml:15:13-36
36        </activity>
37
38        <receiver
38-->src/main/AndroidManifest.xml:18:9-22:20
39            android:name="com.example.client.BootReceiver"
39-->src/main/AndroidManifest.xml:18:66-94
40            android:enabled="true"
40-->src/main/AndroidManifest.xml:18:19-41
41            android:exported="true" >
41-->src/main/AndroidManifest.xml:18:42-65
42            <intent-filter>
42-->src/main/AndroidManifest.xml:19:13-21:29
43                <action android:name="android.intent.action.BOOT_COMPLETED" />
43-->src/main/AndroidManifest.xml:20:17-78
43-->src/main/AndroidManifest.xml:20:25-76
44            </intent-filter>
45        </receiver>
46
47        <activity
47-->[com.google.firebase:firebase-auth:22.3.1] AndroidManifest.xml:29:9-46:20
48            android:name="com.google.firebase.auth.internal.GenericIdpActivity"
48-->[com.google.firebase:firebase-auth:22.3.1] AndroidManifest.xml:30:13-80
49            android:excludeFromRecents="true"
49-->[com.google.firebase:firebase-auth:22.3.1] AndroidManifest.xml:31:13-46
50            android:exported="true"
50-->[com.google.firebase:firebase-auth:22.3.1] AndroidManifest.xml:32:13-36
51            android:launchMode="singleTask"
51-->[com.google.firebase:firebase-auth:22.3.1] AndroidManifest.xml:33:13-44
52            android:theme="@android:style/Theme.Translucent.NoTitleBar" >
52-->[com.google.firebase:firebase-auth:22.3.1] AndroidManifest.xml:34:13-72
53            <intent-filter>
53-->[com.google.firebase:firebase-auth:22.3.1] AndroidManifest.xml:35:13-45:29
54                <action android:name="android.intent.action.VIEW" />
54-->[com.google.firebase:firebase-auth:22.3.1] AndroidManifest.xml:36:17-69
54-->[com.google.firebase:firebase-auth:22.3.1] AndroidManifest.xml:36:25-66
55
56                <category android:name="android.intent.category.DEFAULT" />
56-->[com.google.firebase:firebase-auth:22.3.1] AndroidManifest.xml:38:17-76
56-->[com.google.firebase:firebase-auth:22.3.1] AndroidManifest.xml:38:27-73
57                <category android:name="android.intent.category.BROWSABLE" />
57-->[com.google.firebase:firebase-auth:22.3.1] AndroidManifest.xml:39:17-78
57-->[com.google.firebase:firebase-auth:22.3.1] AndroidManifest.xml:39:27-75
58
59                <data
59-->[com.google.firebase:firebase-auth:22.3.1] AndroidManifest.xml:41:17-44:51
60                    android:host="firebase.auth"
60-->[com.google.firebase:firebase-auth:22.3.1] AndroidManifest.xml:42:21-49
61                    android:path="/"
61-->[com.google.firebase:firebase-auth:22.3.1] AndroidManifest.xml:43:21-37
62                    android:scheme="genericidp" />
62-->[com.google.firebase:firebase-auth:22.3.1] AndroidManifest.xml:44:21-48
63            </intent-filter>
64        </activity>
65        <activity
65-->[com.google.firebase:firebase-auth:22.3.1] AndroidManifest.xml:47:9-64:20
66            android:name="com.google.firebase.auth.internal.RecaptchaActivity"
66-->[com.google.firebase:firebase-auth:22.3.1] AndroidManifest.xml:48:13-79
67            android:excludeFromRecents="true"
67-->[com.google.firebase:firebase-auth:22.3.1] AndroidManifest.xml:49:13-46
68            android:exported="true"
68-->[com.google.firebase:firebase-auth:22.3.1] AndroidManifest.xml:50:13-36
69            android:launchMode="singleTask"
69-->[com.google.firebase:firebase-auth:22.3.1] AndroidManifest.xml:51:13-44
70            android:theme="@android:style/Theme.Translucent.NoTitleBar" >
70-->[com.google.firebase:firebase-auth:22.3.1] AndroidManifest.xml:52:13-72
71            <intent-filter>
71-->[com.google.firebase:firebase-auth:22.3.1] AndroidManifest.xml:53:13-63:29
72                <action android:name="android.intent.action.VIEW" />
72-->[com.google.firebase:firebase-auth:22.3.1] AndroidManifest.xml:36:17-69
72-->[com.google.firebase:firebase-auth:22.3.1] AndroidManifest.xml:36:25-66
73
74                <category android:name="android.intent.category.DEFAULT" />
74-->[com.google.firebase:firebase-auth:22.3.1] AndroidManifest.xml:38:17-76
74-->[com.google.firebase:firebase-auth:22.3.1] AndroidManifest.xml:38:27-73
75                <category android:name="android.intent.category.BROWSABLE" />
75-->[com.google.firebase:firebase-auth:22.3.1] AndroidManifest.xml:39:17-78
75-->[com.google.firebase:firebase-auth:22.3.1] AndroidManifest.xml:39:27-75
76
77                <data
77-->[com.google.firebase:firebase-auth:22.3.1] AndroidManifest.xml:41:17-44:51
78                    android:host="firebase.auth"
78-->[com.google.firebase:firebase-auth:22.3.1] AndroidManifest.xml:42:21-49
79                    android:path="/"
79-->[com.google.firebase:firebase-auth:22.3.1] AndroidManifest.xml:43:21-37
80                    android:scheme="recaptcha" />
80-->[com.google.firebase:firebase-auth:22.3.1] AndroidManifest.xml:44:21-48
81            </intent-filter>
82        </activity>
83
84        <service
84-->[com.google.firebase:firebase-auth:22.3.1] AndroidManifest.xml:66:9-72:19
85            android:name="com.google.firebase.components.ComponentDiscoveryService"
85-->[com.google.firebase:firebase-auth:22.3.1] AndroidManifest.xml:67:13-84
86            android:directBootAware="true"
86-->[com.google.firebase:firebase-common:20.4.2] AndroidManifest.xml:32:13-43
87            android:exported="false" >
87-->[com.google.firebase:firebase-auth:22.3.1] AndroidManifest.xml:68:13-37
88            <meta-data
88-->[com.google.firebase:firebase-auth:22.3.1] AndroidManifest.xml:69:13-71:85
89                android:name="com.google.firebase.components:com.google.firebase.auth.FirebaseAuthRegistrar"
89-->[com.google.firebase:firebase-auth:22.3.1] AndroidManifest.xml:70:17-109
90                android:value="com.google.firebase.components.ComponentRegistrar" />
90-->[com.google.firebase:firebase-auth:22.3.1] AndroidManifest.xml:71:17-82
91            <meta-data
91-->[com.google.firebase:firebase-database:20.3.1] AndroidManifest.xml:29:13-31:85
92                android:name="com.google.firebase.components:com.google.firebase.database.FirebaseDatabaseKtxRegistrar"
92-->[com.google.firebase:firebase-database:20.3.1] AndroidManifest.xml:30:17-120
93                android:value="com.google.firebase.components.ComponentRegistrar" />
93-->[com.google.firebase:firebase-database:20.3.1] AndroidManifest.xml:31:17-82
94            <meta-data
94-->[com.google.firebase:firebase-database:20.3.1] AndroidManifest.xml:32:13-34:85
95                android:name="com.google.firebase.components:com.google.firebase.database.DatabaseRegistrar"
95-->[com.google.firebase:firebase-database:20.3.1] AndroidManifest.xml:33:17-109
96                android:value="com.google.firebase.components.ComponentRegistrar" />
96-->[com.google.firebase:firebase-database:20.3.1] AndroidManifest.xml:34:17-82
97            <meta-data
97-->[com.google.firebase:firebase-common-ktx:20.4.2] AndroidManifest.xml:12:13-14:85
98                android:name="com.google.firebase.components:com.google.firebase.ktx.FirebaseCommonLegacyRegistrar"
98-->[com.google.firebase:firebase-common-ktx:20.4.2] AndroidManifest.xml:13:17-116
99                android:value="com.google.firebase.components.ComponentRegistrar" />
99-->[com.google.firebase:firebase-common-ktx:20.4.2] AndroidManifest.xml:14:17-82
100            <meta-data
100-->[com.google.firebase:firebase-common:20.4.2] AndroidManifest.xml:35:13-37:85
101                android:name="com.google.firebase.components:com.google.firebase.FirebaseCommonKtxRegistrar"
101-->[com.google.firebase:firebase-common:20.4.2] AndroidManifest.xml:36:17-109
102                android:value="com.google.firebase.components.ComponentRegistrar" />
102-->[com.google.firebase:firebase-common:20.4.2] AndroidManifest.xml:37:17-82
103        </service>
104
105        <provider
105-->[androidx.work:work-runtime:2.9.0] AndroidManifest.xml:29:9-37:20
106            android:name="androidx.startup.InitializationProvider"
106-->[androidx.work:work-runtime:2.9.0] AndroidManifest.xml:30:13-67
107            android:authorities="com.example.client.androidx-startup"
107-->[androidx.work:work-runtime:2.9.0] AndroidManifest.xml:31:13-68
108            android:exported="false" >
108-->[androidx.work:work-runtime:2.9.0] AndroidManifest.xml:32:13-37
109            <meta-data
109-->[androidx.work:work-runtime:2.9.0] AndroidManifest.xml:34:13-36:52
110                android:name="androidx.work.WorkManagerInitializer"
110-->[androidx.work:work-runtime:2.9.0] AndroidManifest.xml:35:17-68
111                android:value="androidx.startup" />
111-->[androidx.work:work-runtime:2.9.0] AndroidManifest.xml:36:17-49
112            <meta-data
112-->[androidx.emoji2:emoji2:1.2.0] AndroidManifest.xml:29:13-31:52
113                android:name="androidx.emoji2.text.EmojiCompatInitializer"
113-->[androidx.emoji2:emoji2:1.2.0] AndroidManifest.xml:30:17-75
114                android:value="androidx.startup" />
114-->[androidx.emoji2:emoji2:1.2.0] AndroidManifest.xml:31:17-49
115            <meta-data
115-->[androidx.lifecycle:lifecycle-process:2.6.1] AndroidManifest.xml:29:13-31:52
116                android:name="androidx.lifecycle.ProcessLifecycleInitializer"
116-->[androidx.lifecycle:lifecycle-process:2.6.1] AndroidManifest.xml:30:17-78
117                android:value="androidx.startup" />
117-->[androidx.lifecycle:lifecycle-process:2.6.1] AndroidManifest.xml:31:17-49
118            <meta-data
118-->[androidx.profileinstaller:profileinstaller:1.3.0] AndroidManifest.xml:29:13-31:52
119                android:name="androidx.profileinstaller.ProfileInstallerInitializer"
119-->[androidx.profileinstaller:profileinstaller:1.3.0] AndroidManifest.xml:30:17-85
120                android:value="androidx.startup" />
120-->[androidx.profileinstaller:profileinstaller:1.3.0] AndroidManifest.xml:31:17-49
121        </provider>
122
123        <service
123-->[androidx.work:work-runtime:2.9.0] AndroidManifest.xml:39:9-45:35
124            android:name="androidx.work.impl.background.systemalarm.SystemAlarmService"
124-->[androidx.work:work-runtime:2.9.0] AndroidManifest.xml:40:13-88
125            android:directBootAware="false"
125-->[androidx.work:work-runtime:2.9.0] AndroidManifest.xml:41:13-44
126            android:enabled="@bool/enable_system_alarm_service_default"
126-->[androidx.work:work-runtime:2.9.0] AndroidManifest.xml:42:13-72
127            android:exported="false" />
127-->[androidx.work:work-runtime:2.9.0] AndroidManifest.xml:43:13-37
128        <service
128-->[androidx.work:work-runtime:2.9.0] AndroidManifest.xml:46:9-52:35
129            android:name="androidx.work.impl.background.systemjob.SystemJobService"
129-->[androidx.work:work-runtime:2.9.0] AndroidManifest.xml:47:13-84
130            android:directBootAware="false"
130-->[androidx.work:work-runtime:2.9.0] AndroidManifest.xml:48:13-44
131            android:enabled="@bool/enable_system_job_service_default"
131-->[androidx.work:work-runtime:2.9.0] AndroidManifest.xml:49:13-70
132            android:exported="true"
132-->[androidx.work:work-runtime:2.9.0] AndroidManifest.xml:50:13-36
133            android:permission="android.permission.BIND_JOB_SERVICE" />
133-->[androidx.work:work-runtime:2.9.0] AndroidManifest.xml:51:13-69
134        <service
134-->[androidx.work:work-runtime:2.9.0] AndroidManifest.xml:53:9-59:35
135            android:name="androidx.work.impl.foreground.SystemForegroundService"
135-->[androidx.work:work-runtime:2.9.0] AndroidManifest.xml:54:13-81
136            android:directBootAware="false"
136-->[androidx.work:work-runtime:2.9.0] AndroidManifest.xml:55:13-44
137            android:enabled="@bool/enable_system_foreground_service_default"
137-->[androidx.work:work-runtime:2.9.0] AndroidManifest.xml:56:13-77
138            android:exported="false" />
138-->[androidx.work:work-runtime:2.9.0] AndroidManifest.xml:57:13-37
139
140        <receiver
140-->[androidx.work:work-runtime:2.9.0] AndroidManifest.xml:61:9-66:35
141            android:name="androidx.work.impl.utils.ForceStopRunnable$BroadcastReceiver"
141-->[androidx.work:work-runtime:2.9.0] AndroidManifest.xml:62:13-88
142            android:directBootAware="false"
142-->[androidx.work:work-runtime:2.9.0] AndroidManifest.xml:63:13-44
143            android:enabled="true"
143-->[androidx.work:work-runtime:2.9.0] AndroidManifest.xml:64:13-35
144            android:exported="false" />
144-->[androidx.work:work-runtime:2.9.0] AndroidManifest.xml:65:13-37
145        <receiver
145-->[androidx.work:work-runtime:2.9.0] AndroidManifest.xml:67:9-77:20
146            android:name="androidx.work.impl.background.systemalarm.ConstraintProxy$BatteryChargingProxy"
146-->[androidx.work:work-runtime:2.9.0] AndroidManifest.xml:68:13-106
147            android:directBootAware="false"
147-->[androidx.work:work-runtime:2.9.0] AndroidManifest.xml:69:13-44
148            android:enabled="false"
148-->[androidx.work:work-runtime:2.9.0] AndroidManifest.xml:70:13-36
149            android:exported="false" >
149-->[androidx.work:work-runtime:2.9.0] AndroidManifest.xml:71:13-37
150            <intent-filter>
150-->[androidx.work:work-runtime:2.9.0] AndroidManifest.xml:73:13-76:29
151                <action android:name="android.intent.action.ACTION_POWER_CONNECTED" />
151-->[androidx.work:work-runtime:2.9.0] AndroidManifest.xml:74:17-87
151-->[androidx.work:work-runtime:2.9.0] AndroidManifest.xml:74:25-84
152                <action android:name="android.intent.action.ACTION_POWER_DISCONNECTED" />
152-->[androidx.work:work-runtime:2.9.0] AndroidManifest.xml:75:17-90
152-->[androidx.work:work-runtime:2.9.0] AndroidManifest.xml:75:25-87
153            </intent-filter>
154        </receiver>
155        <receiver
155-->[androidx.work:work-runtime:2.9.0] AndroidManifest.xml:78:9-88:20
156            android:name="androidx.work.impl.background.systemalarm.ConstraintProxy$BatteryNotLowProxy"
156-->[androidx.work:work-runtime:2.9.0] AndroidManifest.xml:79:13-104
157            android:directBootAware="false"
157-->[androidx.work:work-runtime:2.9.0] AndroidManifest.xml:80:13-44
158            android:enabled="false"
158-->[androidx.work:work-runtime:2.9.0] AndroidManifest.xml:81:13-36
159            android:exported="false" >
159-->[androidx.work:work-runtime:2.9.0] AndroidManifest.xml:82:13-37
160            <intent-filter>
160-->[androidx.work:work-runtime:2.9.0] AndroidManifest.xml:84:13-87:29
161                <action android:name="android.intent.action.BATTERY_OKAY" />
161-->[androidx.work:work-runtime:2.9.0] AndroidManifest.xml:85:17-77
161-->[androidx.work:work-runtime:2.9.0] AndroidManifest.xml:85:25-74
162                <action android:name="android.intent.action.BATTERY_LOW" />
162-->[androidx.work:work-runtime:2.9.0] AndroidManifest.xml:86:17-76
162-->[androidx.work:work-runtime:2.9.0] AndroidManifest.xml:86:25-73
163            </intent-filter>
164        </receiver>
165        <receiver
165-->[androidx.work:work-runtime:2.9.0] AndroidManifest.xml:89:9-99:20
166            android:name="androidx.work.impl.background.systemalarm.ConstraintProxy$StorageNotLowProxy"
166-->[androidx.work:work-runtime:2.9.0] AndroidManifest.xml:90:13-104
167            android:directBootAware="false"
167-->[androidx.work:work-runtime:2.9.0] AndroidManifest.xml:91:13-44
168            android:enabled="false"
168-->[androidx.work:work-runtime:2.9.0] AndroidManifest.xml:92:13-36
169            android:exported="false" >
169-->[androidx.work:work-runtime:2.9.0] AndroidManifest.xml:93:13-37
170            <intent-filter>
170-->[androidx.work:work-runtime:2.9.0] AndroidManifest.xml:95:13-98:29
171                <action android:name="android.intent.action.DEVICE_STORAGE_LOW" />
171-->[androidx.work:work-runtime:2.9.0] AndroidManifest.xml:96:17-83
171-->[androidx.work:work-runtime:2.9.0] AndroidManifest.xml:96:25-80
172                <action android:name="android.intent.action.DEVICE_STORAGE_OK" />
172-->[androidx.work:work-runtime:2.9.0] AndroidManifest.xml:97:17-82
172-->[androidx.work:work-runtime:2.9.0] AndroidManifest.xml:97:25-79
173            </intent-filter>
174        </receiver>
175        <receiver
175-->[androidx.work:work-runtime:2.9.0] AndroidManifest.xml:100:9-109:20
176            android:name="androidx.work.impl.background.systemalarm.ConstraintProxy$NetworkStateProxy"
176-->[androidx.work:work-runtime:2.9.0] AndroidManifest.xml:101:13-103
177            android:directBootAware="false"
177-->[androidx.work:work-runtime:2.9.0] AndroidManifest.xml:102:13-44
178            android:enabled="false"
178-->[androidx.work:work-runtime:2.9.0] AndroidManifest.xml:103:13-36
179            android:exported="false" >
179-->[androidx.work:work-runtime:2.9.0] AndroidManifest.xml:104:13-37
180            <intent-filter>
180-->[androidx.work:work-runtime:2.9.0] AndroidManifest.xml:106:13-108:29
181                <action android:name="android.net.conn.CONNECTIVITY_CHANGE" />
181-->[androidx.work:work-runtime:2.9.0] AndroidManifest.xml:107:17-79
181-->[androidx.work:work-runtime:2.9.0] AndroidManifest.xml:107:25-76
182            </intent-filter>
183        </receiver>
184        <receiver
184-->[androidx.work:work-runtime:2.9.0] AndroidManifest.xml:110:9-121:20
185            android:name="androidx.work.impl.background.systemalarm.RescheduleReceiver"
185-->[androidx.work:work-runtime:2.9.0] AndroidManifest.xml:111:13-88
186            android:directBootAware="false"
186-->[androidx.work:work-runtime:2.9.0] AndroidManifest.xml:112:13-44
187            android:enabled="false"
187-->[androidx.work:work-runtime:2.9.0] AndroidManifest.xml:113:13-36
188            android:exported="false" >
188-->[androidx.work:work-runtime:2.9.0] AndroidManifest.xml:114:13-37
189            <intent-filter>
189-->[androidx.work:work-runtime:2.9.0] AndroidManifest.xml:116:13-120:29
190                <action android:name="android.intent.action.BOOT_COMPLETED" />
190-->src/main/AndroidManifest.xml:20:17-78
190-->src/main/AndroidManifest.xml:20:25-76
191                <action android:name="android.intent.action.TIME_SET" />
191-->[androidx.work:work-runtime:2.9.0] AndroidManifest.xml:118:17-73
191-->[androidx.work:work-runtime:2.9.0] AndroidManifest.xml:118:25-70
192                <action android:name="android.intent.action.TIMEZONE_CHANGED" />
192-->[androidx.work:work-runtime:2.9.0] AndroidManifest.xml:119:17-81
192-->[androidx.work:work-runtime:2.9.0] AndroidManifest.xml:119:25-78
193            </intent-filter>
194        </receiver>
195        <receiver
195-->[androidx.work:work-runtime:2.9.0] AndroidManifest.xml:122:9-131:20
196            android:name="androidx.work.impl.background.systemalarm.ConstraintProxyUpdateReceiver"
196-->[androidx.work:work-runtime:2.9.0] AndroidManifest.xml:123:13-99
197            android:directBootAware="false"
197-->[androidx.work:work-runtime:2.9.0] AndroidManifest.xml:124:13-44
198            android:enabled="@bool/enable_system_alarm_service_default"
198-->[androidx.work:work-runtime:2.9.0] AndroidManifest.xml:125:13-72
199            android:exported="false" >
199-->[androidx.work:work-runtime:2.9.0] AndroidManifest.xml:126:13-37
200            <intent-filter>
200-->[androidx.work:work-runtime:2.9.0] AndroidManifest.xml:128:13-130:29
201                <action android:name="androidx.work.impl.background.systemalarm.UpdateProxies" />
201-->[androidx.work:work-runtime:2.9.0] AndroidManifest.xml:129:17-98
201-->[androidx.work:work-runtime:2.9.0] AndroidManifest.xml:129:25-95
202            </intent-filter>
203        </receiver>
204        <receiver
204-->[androidx.work:work-runtime:2.9.0] AndroidManifest.xml:132:9-142:20
205            android:name="androidx.work.impl.diagnostics.DiagnosticsReceiver"
205-->[androidx.work:work-runtime:2.9.0] AndroidManifest.xml:133:13-78
206            android:directBootAware="false"
206-->[androidx.work:work-runtime:2.9.0] AndroidManifest.xml:134:13-44
207            android:enabled="true"
207-->[androidx.work:work-runtime:2.9.0] AndroidManifest.xml:135:13-35
208            android:exported="true"
208-->[androidx.work:work-runtime:2.9.0] AndroidManifest.xml:136:13-36
209            android:permission="android.permission.DUMP" >
209-->[androidx.work:work-runtime:2.9.0] AndroidManifest.xml:137:13-57
210            <intent-filter>
210-->[androidx.work:work-runtime:2.9.0] AndroidManifest.xml:139:13-141:29
211                <action android:name="androidx.work.diagnostics.REQUEST_DIAGNOSTICS" />
211-->[androidx.work:work-runtime:2.9.0] AndroidManifest.xml:140:17-88
211-->[androidx.work:work-runtime:2.9.0] AndroidManifest.xml:140:25-85
212            </intent-filter>
213        </receiver>
214
215        <provider
215-->[com.google.firebase:firebase-common:20.4.2] AndroidManifest.xml:23:9-28:39
216            android:name="com.google.firebase.provider.FirebaseInitProvider"
216-->[com.google.firebase:firebase-common:20.4.2] AndroidManifest.xml:24:13-77
217            android:authorities="com.example.client.firebaseinitprovider"
217-->[com.google.firebase:firebase-common:20.4.2] AndroidManifest.xml:25:13-72
218            android:directBootAware="true"
218-->[com.google.firebase:firebase-common:20.4.2] AndroidManifest.xml:26:13-43
219            android:exported="false"
219-->[com.google.firebase:firebase-common:20.4.2] AndroidManifest.xml:27:13-37
220            android:initOrder="100" />
220-->[com.google.firebase:firebase-common:20.4.2] AndroidManifest.xml:28:13-36
221
222        <activity
222-->[com.google.android.gms:play-services-base:18.1.0] AndroidManifest.xml:20:9-22:45
223            android:name="com.google.android.gms.common.api.GoogleApiActivity"
223-->[com.google.android.gms:play-services-base:18.1.0] AndroidManifest.xml:20:19-85
224            android:exported="false"
224-->[com.google.android.gms:play-services-base:18.1.0] AndroidManifest.xml:22:19-43
225            android:theme="@android:style/Theme.Translucent.NoTitleBar" />
225-->[com.google.android.gms:play-services-base:18.1.0] AndroidManifest.xml:21:19-78
226
227        <meta-data
227-->[com.google.android.gms:play-services-basement:18.3.0] AndroidManifest.xml:21:9-23:69
228            android:name="com.google.android.gms.version"
228-->[com.google.android.gms:play-services-basement:18.3.0] AndroidManifest.xml:22:13-58
229            android:value="@integer/google_play_services_version" />
229-->[com.google.android.gms:play-services-basement:18.3.0] AndroidManifest.xml:23:13-66
230
231        <service
231-->[androidx.room:room-runtime:2.5.0] AndroidManifest.xml:24:9-28:63
232            android:name="androidx.room.MultiInstanceInvalidationService"
232-->[androidx.room:room-runtime:2.5.0] AndroidManifest.xml:25:13-74
233            android:directBootAware="true"
233-->[androidx.room:room-runtime:2.5.0] AndroidManifest.xml:26:13-43
234            android:exported="false" />
234-->[androidx.room:room-runtime:2.5.0] AndroidManifest.xml:27:13-37
235
236        <receiver
236-->[androidx.profileinstaller:profileinstaller:1.3.0] AndroidManifest.xml:34:9-52:20
237            android:name="androidx.profileinstaller.ProfileInstallReceiver"
237-->[androidx.profileinstaller:profileinstaller:1.3.0] AndroidManifest.xml:35:13-76
238            android:directBootAware="false"
238-->[androidx.profileinstaller:profileinstaller:1.3.0] AndroidManifest.xml:36:13-44
239            android:enabled="true"
239-->[androidx.profileinstaller:profileinstaller:1.3.0] AndroidManifest.xml:37:13-35
240            android:exported="true"
240-->[androidx.profileinstaller:profileinstaller:1.3.0] AndroidManifest.xml:38:13-36
241            android:permission="android.permission.DUMP" >
241-->[androidx.profileinstaller:profileinstaller:1.3.0] AndroidManifest.xml:39:13-57
242            <intent-filter>
242-->[androidx.profileinstaller:profileinstaller:1.3.0] AndroidManifest.xml:40:13-42:29
243                <action android:name="androidx.profileinstaller.action.INSTALL_PROFILE" />
243-->[androidx.profileinstaller:profileinstaller:1.3.0] AndroidManifest.xml:41:17-91
243-->[androidx.profileinstaller:profileinstaller:1.3.0] AndroidManifest.xml:41:25-88
244            </intent-filter>
245            <intent-filter>
245-->[androidx.profileinstaller:profileinstaller:1.3.0] AndroidManifest.xml:43:13-45:29
246                <action android:name="androidx.profileinstaller.action.SKIP_FILE" />
246-->[androidx.profileinstaller:profileinstaller:1.3.0] AndroidManifest.xml:44:17-85
246-->[androidx.profileinstaller:profileinstaller:1.3.0] AndroidManifest.xml:44:25-82
247            </intent-filter>
248            <intent-filter>
248-->[androidx.profileinstaller:profileinstaller:1.3.0] AndroidManifest.xml:46:13-48:29
249                <action android:name="androidx.profileinstaller.action.SAVE_PROFILE" />
249-->[androidx.profileinstaller:profileinstaller:1.3.0] AndroidManifest.xml:47:17-88
249-->[androidx.profileinstaller:profileinstaller:1.3.0] AndroidManifest.xml:47:25-85
250            </intent-filter>
251            <intent-filter>
251-->[androidx.profileinstaller:profileinstaller:1.3.0] AndroidManifest.xml:49:13-51:29
252                <action android:name="androidx.profileinstaller.action.BENCHMARK_OPERATION" />
252-->[androidx.profileinstaller:profileinstaller:1.3.0] AndroidManifest.xml:50:17-95
252-->[androidx.profileinstaller:profileinstaller:1.3.0] AndroidManifest.xml:50:25-92
253            </intent-filter>
254        </receiver>
255    </application>
256
257</manifest>